x	y	z
0.000000	0.001143	0.410000
0.000801	0.001167	0.410000
0.001602	0.001192	0.409998
0.002402	0.001217	0.409996
0.003203	0.001243	0.409994
0.004004	0.001269	0.409990
0.004805	0.001295	0.409986
0.005606	0.001322	0.409980
0.006406	0.001350	0.409974
0.007207	0.001378	0.409968
0.008008	0.001406	0.409960
0.008809	0.001435	0.409952
0.009610	0.001465	0.409942
0.010410	0.001495	0.409932
0.011211	0.001526	0.409921
0.012012	0.001557	0.409910
0.012813	0.001589	0.409897
0.013614	0.001622	0.409884
0.014414	0.001655	0.409870
0.015215	0.001689	0.409855
0.016016	0.001723	0.409840
0.016817	0.001758	0.409823
0.017618	0.001793	0.409806
0.018418	0.001830	0.409788
0.019219	0.001867	0.409769
0.020020	0.001904	0.409749
0.020821	0.001943	0.409729
0.021622	0.001982	0.409708
0.022422	0.002021	0.409686
0.023223	0.002062	0.409663
0.024024	0.002103	0.409639
0.024825	0.002144	0.409615
0.025626	0.002187	0.409590
0.026426	0.002230	0.409564
0.027227	0.002275	0.409537
0.028028	0.002319	0.409509
0.028829	0.002365	0.409481
0.029630	0.002412	0.409451
0.030430	0.002459	0.409421
0.031231	0.002507	0.409390
0.032032	0.002556	0.409359
0.032833	0.002606	0.409326
0.033634	0.002657	0.409293
0.034434	0.002708	0.409259
0.035235	0.002761	0.409224
0.036036	0.002814	0.409188
0.036837	0.002868	0.409152
0.037638	0.002924	0.409115
0.038438	0.002980	0.409077
0.039239	0.003037	0.409038
0.040040	0.003095	0.408998
0.040841	0.003154	0.408958
0.041642	0.003214	0.408916
0.042442	0.003275	0.408874
0.043243	0.003338	0.408831
0.044044	0.003401	0.408788
0.044845	0.003465	0.408743
0.045646	0.003530	0.408698
0.046446	0.003597	0.408652
0.047247	0.003664	0.408605
0.048048	0.003733	0.408557
0.048849	0.003803	0.408509
0.049650	0.003874	0.408459
0.050450	0.003946	0.408409
0.051251	0.004019	0.408358
0.052052	0.004094	0.408307
0.052853	0.004170	0.408254
0.053654	0.004247	0.408201
0.054454	0.004325	0.408147
0.055255	0.004404	0.408092
0.056056	0.004485	0.408036
0.056857	0.004567	0.407980
0.057658	0.004650	0.407922
0.058458	0.004735	0.407864
0.059259	0.004821	0.407805
0.060060	0.004909	0.407745
0.060861	0.004998	0.407685
0.061662	0.005088	0.407624
0.062462	0.005180	0.407562
0.063263	0.005273	0.407499
0.064064	0.005367	0.407435
0.064865	0.005463	0.407370
0.065666	0.005561	0.407305
0.066466	0.005660	0.407239
0.067267	0.005761	0.407172
0.068068	0.005863	0.407104
0.068869	0.005967	0.407036
0.069670	0.006072	0.406966
0.070470	0.006179	0.406896
0.071271	0.006288	0.406825
0.072072	0.006398	0.406754
0.072873	0.006510	0.406681
0.073674	0.006624	0.406608
0.074474	0.006739	0.406533
0.075275	0.006856	0.406459
0.076076	0.006975	0.406383
0.076877	0.007096	0.406306
0.077678	0.007218	0.406229
0.078478	0.007343	0.406151
0.079279	0.007469	0.406072
0.080080	0.007597	0.405992
0.080881	0.007727	0.405911
0.081682	0.007859	0.405830
0.082482	0.007992	0.405748
0.083283	0.008128	0.405665
0.084084	0.008266	0.405581
0.084885	0.008406	0.405497
0.085686	0.008547	0.405411
0.086486	0.008691	0.405325
0.087287	0.008837	0.405238
0.088088	0.008985	0.405150
0.088889	0.009135	0.405062
0.089690	0.009287	0.404972
0.090490	0.009442	0.404882
0.091291	0.009598	0.404791
0.092092	0.009757	0.404699
0.092893	0.009918	0.404607
0.093694	0.010082	0.404513
0.094494	0.010247	0.404419
0.095295	0.010415	0.404324
0.096096	0.010585	0.404228
0.096897	0.010758	0.404132
0.097698	0.010933	0.404034
0.098498	0.011110	0.403936
0.099299	0.011290	0.403837
0.100100	0.011473	0.403737
0.100901	0.011657	0.403637
0.101702	0.011845	0.403535
0.102503	0.012035	0.403433
0.103303	0.012227	0.403330
0.104104	0.012422	0.403226
0.104905	0.012620	0.403122
0.105706	0.012820	0.403016
0.106507	0.013023	0.402910
0.107307	0.013229	0.402803
0.108108	0.013437	0.402695
0.108909	0.013648	0.402587
0.109710	0.013862	0.402477
0.110511	0.014078	0.402367
0.111311	0.014298	0.402256
0.112112	0.014520	0.402144
0.112913	0.014746	0.402032
0.113714	0.014974	0.401918
0.114515	0.015205	0.401804
0.115315	0.015439	0.401689
0.116116	0.015676	0.401573
0.116917	0.015916	0.401457
0.117718	0.016159	0.401339
0.118519	0.016405	0.401221
0.119319	0.016654	0.401102
0.120120	0.016907	0.400982
0.120921	0.017162	0.400861
0.121722	0.017421	0.400740
0.122523	0.017683	0.400618
0.123323	0.017948	0.400495
0.124124	0.018216	0.400371
0.124925	0.018488	0.400246
0.125726	0.018763	0.400121
0.126527	0.019041	0.399994
0.127327	0.019323	0.399867
0.128128	0.019608	0.399739
0.128929	0.019897	0.399611
0.129730	0.020189	0.399481
0.130531	0.020484	0.399351
0.131331	0.020783	0.399220
0.132132	0.021086	0.399088
0.132933	0.021392	0.398956
0.133734	0.021702	0.398822
0.134535	0.022015	0.398688
0.135335	0.022332	0.398553
0.136136	0.022653	0.398417
0.136937	0.022977	0.398280
0.137738	0.023305	0.398143
0.138539	0.023637	0.398004
0.139339	0.023973	0.397865
0.140140	0.024312	0.397725
0.140941	0.024655	0.397585
0.141742	0.025003	0.397443
0.142543	0.025354	0.397301
0.143343	0.025709	0.397158
0.144144	0.026068	0.397014
0.144945	0.026430	0.396869
0.145746	0.026797	0.396724
0.146547	0.027168	0.396578
0.147347	0.027543	0.396430
0.148148	0.027922	0.396283
0.148949	0.028306	0.396134
0.149750	0.028693	0.395984
0.150551	0.029085	0.395834
0.151351	0.029480	0.395683
0.152152	0.029880	0.395531
0.152953	0.030284	0.395378
0.153754	0.030693	0.395225
0.154555	0.031105	0.395071
0.155355	0.031522	0.394915
0.156156	0.031944	0.394760
0.156957	0.032370	0.394603
0.157758	0.032800	0.394445
0.158559	0.033234	0.394287
0.159359	0.033673	0.394128
0.160160	0.034117	0.393968
0.160961	0.034565	0.393807
0.161762	0.035017	0.393646
0.162563	0.035474	0.393483
0.163363	0.035936	0.393320
0.164164	0.036402	0.393156
0.164965	0.036873	0.392992
0.165766	0.037348	0.392826
0.166567	0.037828	0.392660
0.167367	0.038313	0.392493
0.168168	0.038802	0.392325
0.168969	0.039296	0.392156
0.169770	0.039795	0.391986
0.170571	0.040299	0.391816
0.171371	0.040807	0.391645
0.172172	0.041321	0.391473
0.172973	0.041839	0.391300
0.173774	0.042361	0.391127
0.174575	0.042889	0.390952
0.175375	0.043422	0.390777
0.176176	0.043959	0.390601
0.176977	0.044502	0.390424
0.177778	0.045049	0.390247
0.178579	0.045602	0.390069
0.179379	0.046159	0.389889
0.180180	0.046721	0.389709
0.180981	0.047289	0.389529
0.181782	0.047861	0.389347
0.182583	0.048438	0.389165
0.183383	0.049021	0.388982
0.184184	0.049609	0.388798
0.184985	0.050201	0.388613
0.185786	0.050799	0.388427
0.186587	0.051402	0.388241
0.187387	0.052010	0.388054
0.188188	0.052623	0.387866
0.188989	0.053241	0.387677
0.189790	0.053865	0.387487
0.190591	0.054494	0.387297
0.191391	0.055127	0.387106
0.192192	0.055767	0.386914
0.192993	0.056411	0.386721
0.193794	0.057060	0.386527
0.194595	0.057715	0.386333
0.195395	0.058375	0.386138
0.196196	0.059041	0.385942
0.196997	0.059711	0.385745
0.197798	0.060387	0.385548
0.198599	0.061068	0.385349
0.199399	0.061755	0.385150
0.200200	0.062447	0.384950
0.201001	0.063144	0.384749
0.201802	0.063846	0.384548
0.202603	0.064554	0.384345
0.203403	0.065267	0.384142
0.204204	0.065985	0.383938
0.205005	0.066709	0.383733
0.205806	0.067438	0.383527
0.206607	0.068173	0.383321
0.207407	0.068912	0.383114
0.208208	0.069658	0.382906
0.209009	0.070408	0.382697
0.209810	0.071164	0.382487
0.210611	0.071925	0.382277
0.211411	0.072692	0.382066
0.212212	0.073464	0.381854
0.213013	0.074241	0.381641
0.213814	0.075023	0.381427
0.214615	0.075811	0.381213
0.215415	0.076605	0.380998
0.216216	0.077403	0.380782
0.217017	0.078207	0.380565
0.217818	0.079017	0.380347
0.218619	0.079831	0.380129
0.219419	0.080651	0.379909
0.220220	0.081477	0.379689
0.221021	0.082307	0.379469
0.221822	0.083143	0.379247
0.222623	0.083984	0.379024
0.223423	0.084831	0.378801
0.224224	0.085683	0.378577
0.225025	0.086540	0.378352
0.225826	0.087402	0.378127
0.226627	0.088270	0.377900
0.227427	0.089143	0.377673
0.228228	0.090021	0.377445
0.229029	0.090904	0.377216
0.229830	0.091793	0.376986
0.230631	0.092686	0.376756
0.231431	0.093585	0.376525
0.232232	0.094489	0.376293
0.233033	0.095399	0.376060
0.233834	0.096313	0.375826
0.234635	0.097232	0.375592
0.235435	0.098157	0.375356
0.236236	0.099087	0.375120
0.237037	0.100021	0.374883
0.237838	0.100961	0.374646
0.238639	0.101906	0.374407
0.239439	0.102856	0.374168
0.240240	0.103811	0.373928
0.241041	0.104771	0.373687
0.241842	0.105736	0.373445
0.242643	0.106705	0.373203
0.243443	0.107680	0.372960
0.244244	0.108660	0.372715
0.245045	0.109644	0.372471
0.245846	0.110634	0.372225
0.246647	0.111628	0.371978
0.247447	0.112627	0.371731
0.248248	0.113630	0.371483
0.249049	0.114639	0.371234
0.249850	0.115652	0.370984
0.250651	0.116670	0.370734
0.251451	0.117693	0.370483
0.252252	0.118720	0.370231
0.253053	0.119752	0.369978
0.253854	0.120789	0.369724
0.254655	0.121830	0.369469
0.255455	0.122876	0.369214
0.256256	0.123926	0.368958
0.257057	0.124981	0.368701
0.257858	0.126040	0.368443
0.258659	0.127104	0.368185
0.259459	0.128172	0.367925
0.260260	0.129245	0.367665
0.261061	0.130322	0.367404
0.261862	0.131403	0.367143
0.262663	0.132489	0.366880
0.263463	0.133578	0.366617
0.264264	0.134673	0.366353
0.265065	0.135771	0.366088
0.265866	0.136873	0.365822
0.266667	0.137980	0.365556
0.267467	0.139091	0.365288
0.268268	0.140206	0.365020
0.269069	0.141325	0.364751
0.269870	0.142448	0.364481
0.270671	0.143575	0.364211
0.271471	0.144706	0.363940
0.272272	0.145841	0.363667
0.273073	0.146980	0.363394
0.273874	0.148122	0.363121
0.274675	0.149269	0.362846
0.275475	0.150420	0.362571
0.276276	0.151574	0.362295
0.277077	0.152732	0.362018
0.277878	0.153894	0.361740
0.278679	0.155059	0.361461
0.279479	0.156228	0.361182
0.280280	0.157401	0.360902
0.281081	0.158578	0.360621
0.281882	0.159758	0.360339
0.282683	0.160942	0.360057
0.283483	0.162129	0.359773
0.284284	0.163320	0.359489
0.285085	0.164514	0.359204
0.285886	0.165711	0.358918
0.286687	0.166913	0.358632
0.287487	0.168117	0.358344
0.288288	0.169325	0.358056
0.289089	0.170536	0.357767
0.289890	0.171751	0.357477
0.290691	0.172969	0.357187
0.291491	0.174190	0.356895
0.292292	0.175414	0.356603
0.293093	0.176642	0.356310
0.293894	0.177873	0.356016
0.294695	0.179107	0.355722
0.295495	0.180344	0.355427
0.296296	0.181585	0.355130
0.297097	0.182829	0.354833
0.297898	0.184075	0.354536
0.298699	0.185325	0.354237
0.299499	0.186578	0.353938
0.300300	0.187834	0.353637
0.301101	0.189093	0.353336
0.301902	0.190355	0.353035
0.302703	0.191620	0.352732
0.303504	0.192889	0.352429
0.304304	0.194160	0.352124
0.305105	0.195434	0.351819
0.305906	0.196711	0.351513
0.306707	0.197991	0.351207
0.307508	0.199275	0.350899
0.308308	0.200561	0.350591
0.309109	0.201850	0.350282
0.309910	0.203142	0.349972
0.310711	0.204437	0.349662
0.311512	0.205735	0.349350
0.312312	0.207036	0.349038
0.313113	0.208340	0.348725
0.313914	0.209647	0.348411
0.314715	0.210957	0.348097
0.315516	0.212269	0.347781
0.316316	0.213585	0.347465
0.317117	0.214904	0.347148
0.317918	0.216226	0.346830
0.318719	0.217551	0.346511
0.319520	0.218879	0.346192
0.320320	0.220210	0.345872
0.321121	0.221544	0.345551
0.321922	0.222881	0.345229
0.322723	0.224221	0.344906
0.323524	0.225565	0.344583
0.324324	0.226911	0.344259
0.325125	0.228261	0.343934
0.325926	0.229614	0.343608
0.326727	0.230970	0.343281
0.327528	0.232330	0.342954
0.328328	0.233692	0.342625
0.329129	0.235059	0.342296
0.329930	0.236428	0.341966
0.330731	0.237801	0.341636
0.331532	0.239177	0.341304
0.332332	0.240557	0.340972
0.333133	0.241941	0.340639
0.333934	0.243328	0.340305
0.334735	0.244718	0.339970
0.335536	0.246113	0.339635
0.336336	0.247511	0.339299
0.337137	0.248913	0.338962
0.337938	0.250319	0.338624
0.338739	0.251728	0.338285
0.339540	0.253142	0.337946
0.340340	0.254560	0.337605
0.341141	0.255982	0.337264
0.341942	0.257408	0.336922
0.342743	0.258839	0.336580
0.343544	0.260274	0.336236
0.344344	0.261713	0.335892
0.345145	0.263157	0.335547
0.345946	0.264605	0.335201
0.346747	0.266059	0.334854
0.347548	0.267517	0.334507
0.348348	0.268979	0.334158
0.349149	0.270447	0.333809
0.349950	0.271920	0.333459
0.350751	0.273399	0.333109
0.351552	0.274882	0.332757
0.352352	0.276371	0.332405
0.353153	0.277866	0.332052
0.353954	0.279366	0.331698
0.354755	0.280872	0.331343
0.355556	0.282384	0.330988
0.356356	0.283903	0.330631
0.357157	0.285427	0.330274
0.357958	0.286958	0.329916
0.358759	0.288495	0.329558
0.359560	0.290039	0.329198
0.360360	0.291590	0.328838
0.361161	0.293147	0.328477
0.361962	0.294712	0.328115
0.362763	0.296284	0.327752
0.363564	0.297864	0.327388
0.364364	0.299451	0.327024
0.365165	0.301046	0.326659
0.365966	0.302650	0.326293
0.366767	0.304261	0.325926
0.367568	0.305881	0.325559
0.368368	0.307510	0.325190
0.369169	0.309147	0.324821
0.369970	0.310794	0.324451
0.370771	0.312450	0.324081
0.371572	0.314115	0.323709
0.372372	0.315791	0.323337
0.373173	0.317476	0.322964
0.373974	0.319172	0.322590
0.374775	0.320878	0.322215
0.375576	0.322595	0.321839
0.376376	0.324324	0.321463
0.377177	0.326064	0.321086
0.377978	0.327815	0.320708
0.378779	0.329579	0.320329
0.379580	0.331355	0.319950
0.380380	0.333144	0.319569
0.381181	0.334945	0.319188
0.381982	0.336760	0.318806
0.382783	0.338589	0.318423
0.383584	0.340432	0.318040
0.384384	0.342290	0.317655
0.385185	0.344162	0.317270
0.385986	0.346049	0.316884
0.386787	0.347952	0.316497
0.387588	0.349871	0.316110
0.388388	0.351807	0.315722
0.389189	0.353759	0.315332
0.389990	0.355729	0.314942
0.390791	0.357716	0.314552
0.391592	0.359722	0.314160
0.392392	0.361747	0.313768
0.393193	0.363790	0.313374
0.393994	0.365854	0.312980
0.394795	0.367937	0.312586
0.395596	0.370042	0.312190
0.396396	0.372167	0.311794
0.397197	0.374315	0.311396
0.397998	0.376484	0.310998
0.398799	0.378677	0.310600
0.399600	0.380893	0.310200
0.400400	0.383134	0.309800
0.401201	0.385399	0.309398
0.402002	0.387689	0.308996
0.402803	0.390005	0.308594
0.403604	0.392348	0.308190
0.404404	0.394718	0.307786
0.405205	0.397116	0.307380
0.406006	0.399542	0.306974
0.406807	0.401997	0.306568
0.407608	0.404482	0.306160
0.408408	0.406998	0.305752
0.409209	0.409545	0.305342
0.410010	0.412124	0.304932
0.410811	0.414735	0.304522
0.411612	0.417380	0.304110
0.412412	0.420059	0.303698
0.413213	0.422772	0.303284
0.414014	0.425521	0.302870
0.414815	0.428306	0.302455
0.415616	0.431128	0.302040
0.416416	0.433988	0.301623
0.417217	0.436886	0.301206
0.418018	0.439823	0.300788
0.418819	0.442800	0.300369
0.419620	0.445818	0.299950
0.420420	0.448876	0.299529
0.421221	0.451977	0.299108
0.422022	0.455120	0.298686
0.422823	0.458307	0.298263
0.423624	0.461538	0.297839
0.424424	0.464813	0.297415
0.425225	0.468134	0.296990
0.426026	0.471501	0.296564
0.426827	0.474915	0.296137
0.427628	0.478376	0.295709
0.428428	0.481884	0.295281
0.429229	0.485442	0.294851
0.430030	0.489048	0.294421
0.430831	0.492704	0.293990
0.431632	0.496410	0.293559
0.432432	0.500166	0.293126
0.433233	0.503974	0.292693
0.434034	0.507833	0.292259
0.434835	0.511743	0.291824
0.435636	0.515706	0.291388
0.436436	0.519722	0.290952
0.437237	0.523790	0.290515
0.438038	0.527911	0.290077
0.438839	0.532085	0.289638
0.439640	0.536313	0.289198
0.440440	0.540594	0.288758
0.441241	0.544929	0.288316
0.442042	0.549317	0.287874
0.442843	0.553759	0.287431
0.443644	0.558254	0.286988
0.444444	0.562803	0.286543
0.445245	0.567404	0.286098
0.446046	0.572058	0.285652
0.446847	0.576765	0.285205
0.447648	0.581524	0.284757
0.448448	0.586334	0.284309
0.449249	0.591196	0.283859
0.450050	0.596107	0.283409
0.450851	0.601069	0.282958
0.451652	0.606080	0.282507
0.452452	0.611139	0.282054
0.453253	0.616245	0.281601
0.454054	0.621399	0.281147
0.454855	0.626597	0.280692
0.455656	0.631840	0.280236
0.456456	0.637126	0.279780
0.457257	0.642454	0.279322
0.458058	0.647823	0.278864
0.458859	0.653231	0.278405
0.459660	0.658677	0.277946
0.460460	0.664160	0.277485
0.461261	0.669676	0.277024
0.462062	0.675226	0.276562
0.462863	0.680807	0.276099
0.463664	0.686418	0.275635
0.464464	0.692055	0.275170
0.465265	0.697719	0.274705
0.466066	0.703405	0.274239
0.466867	0.709113	0.273772
0.467668	0.714839	0.273304
0.468468	0.720583	0.272836
0.469269	0.726340	0.272366
0.470070	0.732110	0.271896
0.470871	0.737888	0.271425
0.471672	0.743674	0.270954
0.472472	0.749464	0.270481
0.473273	0.755256	0.270008
0.474074	0.761046	0.269534
0.474875	0.766833	0.269059
0.475676	0.772612	0.268583
0.476476	0.778383	0.268106
0.477277	0.784140	0.267629
0.478078	0.789882	0.267151
0.478879	0.795606	0.266672
0.479680	0.801308	0.266192
0.480480	0.806985	0.265712
0.481281	0.812635	0.265230
0.482082	0.818255	0.264748
0.482883	0.823840	0.264265
0.483684	0.829388	0.263781
0.484484	0.834896	0.263297
0.485285	0.840361	0.262811
0.486086	0.845779	0.262325
0.486887	0.851148	0.261838
0.487688	0.856463	0.261350
0.488488	0.861723	0.260862
0.489289	0.866924	0.260372
0.490090	0.872063	0.259882
0.490891	0.877136	0.259391
0.491692	0.882141	0.258900
0.492492	0.887075	0.258407
0.493293	0.891934	0.257914
0.494094	0.896716	0.257419
0.494895	0.901418	0.256924
0.495696	0.906037	0.256429
0.496496	0.910570	0.255932
0.497297	0.915015	0.255435
0.498098	0.919368	0.254936
0.498899	0.923627	0.254437
0.499700	0.927791	0.253938
0.500501	0.931855	0.253437
0.501301	0.935818	0.252936
0.502102	0.939678	0.252433
0.502903	0.943432	0.251930
0.503704	0.947078	0.251427
0.504505	0.950614	0.250922
0.505305	0.954039	0.250417
0.506106	0.957349	0.249910
0.506907	0.960545	0.249403
0.507708	0.963623	0.248896
0.508509	0.966582	0.248387
0.509309	0.969422	0.247878
0.510110	0.972140	0.247367
0.510911	0.974735	0.246856
0.511712	0.977207	0.246344
0.512513	0.979554	0.245832
0.513313	0.981775	0.245318
0.514114	0.983870	0.244804
0.514915	0.985837	0.244289
0.515716	0.987677	0.243773
0.516517	0.989389	0.243257
0.517317	0.990973	0.242739
0.518118	0.992428	0.242221
0.518919	0.993755	0.241702
0.519720	0.994952	0.241182
0.520521	0.996021	0.240661
0.521321	0.996962	0.240140
0.522122	0.997775	0.239618
0.522923	0.998461	0.239095
0.523724	0.999020	0.238571
0.524525	0.999452	0.238046
0.525325	0.999759	0.237521
0.526126	0.999941	0.236995
0.526927	1.000000	0.236468
0.527728	0.999936	0.235940
0.528529	0.999751	0.235411
0.529329	0.999446	0.234882
0.530130	0.999022	0.234351
0.530931	0.998480	0.233820
0.531732	0.997823	0.233288
0.532533	0.997051	0.232756
0.533333	0.996166	0.232222
0.534134	0.995171	0.231688
0.534935	0.994066	0.231153
0.535736	0.992854	0.230617
0.536537	0.991537	0.230080
0.537337	0.990116	0.229543
0.538138	0.988593	0.229005
0.538939	0.986971	0.228466
0.539740	0.985251	0.227926
0.540541	0.983437	0.227385
0.541341	0.981529	0.226843
0.542142	0.979530	0.226301
0.542943	0.977443	0.225758
0.543744	0.975268	0.225214
0.544545	0.973010	0.224670
0.545345	0.970670	0.224124
0.546146	0.968250	0.223578
0.546947	0.965753	0.223031
0.547748	0.963180	0.222483
0.548549	0.960535	0.221934
0.549349	0.957819	0.221385
0.550150	0.955035	0.220834
0.550951	0.952184	0.220283
0.551752	0.949270	0.219731
0.552553	0.946294	0.219179
0.553353	0.943259	0.218625
0.554154	0.940167	0.218071
0.554955	0.937019	0.217516
0.555756	0.933819	0.216960
0.556557	0.930568	0.216403
0.557357	0.927268	0.215845
0.558158	0.923921	0.215287
0.558959	0.920529	0.214728
0.559760	0.917094	0.214168
0.560561	0.913619	0.213607
0.561361	0.910104	0.213046
0.562162	0.906552	0.212484
0.562963	0.902964	0.211920
0.563764	0.899343	0.211357
0.564565	0.895689	0.210792
0.565365	0.892004	0.210226
0.566166	0.888291	0.209660
0.566967	0.884550	0.209093
0.567768	0.880783	0.208525
0.568569	0.876990	0.207956
0.569369	0.873175	0.207387
0.570170	0.869337	0.206816
0.570971	0.865479	0.206245
0.571772	0.861601	0.205673
0.572573	0.857704	0.205100
0.573373	0.853790	0.204527
0.574174	0.849859	0.203953
0.574975	0.845912	0.203377
0.575776	0.841951	0.202801
0.576577	0.837976	0.202225
0.577377	0.833988	0.201647
0.578178	0.829988	0.201069
0.578979	0.825976	0.200490
0.579780	0.821954	0.199910
0.580581	0.817921	0.199329
0.581381	0.813878	0.198747
0.582182	0.809827	0.198165
0.582983	0.805766	0.197582
0.583784	0.801698	0.196998
0.584585	0.797621	0.196413
0.585385	0.793538	0.195827
0.586186	0.789447	0.195241
0.586987	0.785349	0.194654
0.587788	0.781245	0.194066
0.588589	0.777135	0.193477
0.589389	0.773018	0.192888
0.590190	0.768896	0.192297
0.590991	0.764768	0.191706
0.591792	0.760634	0.191114
0.592593	0.756495	0.190521
0.593393	0.752350	0.189928
0.594194	0.748200	0.189333
0.594995	0.744044	0.188738
0.595796	0.739884	0.188142
0.596597	0.735718	0.187545
0.597397	0.731546	0.186948
0.598198	0.727370	0.186349
0.598999	0.723188	0.185750
0.599800	0.719001	0.185150
0.600601	0.714809	0.184549
0.601401	0.710611	0.183948
0.602202	0.706408	0.183345
0.603003	0.702199	0.182742
0.603804	0.697985	0.182138
0.604605	0.693765	0.181533
0.605405	0.689539	0.180928
0.606206	0.685308	0.180321
0.607007	0.681071	0.179714
0.607808	0.676829	0.179106
0.608609	0.672580	0.178497
0.609409	0.668326	0.177888
0.610210	0.664066	0.177277
0.611011	0.659800	0.176666
0.611812	0.655528	0.176054
0.612613	0.651250	0.175441
0.613413	0.646966	0.174827
0.614214	0.642677	0.174213
0.615015	0.638381	0.173598
0.615816	0.634080	0.172982
0.616617	0.629773	0.172365
0.617417	0.625461	0.171747
0.618218	0.621143	0.171129
0.619019	0.616819	0.170510
0.619820	0.612490	0.169890
0.620621	0.608156	0.169269
0.621421	0.603816	0.168647
0.622222	0.599471	0.168025
0.623023	0.595122	0.167401
0.623824	0.590768	0.166777
0.624625	0.586409	0.166153
0.625425	0.582046	0.165527
0.626226	0.577679	0.164900
0.627027	0.573308	0.164273
0.627828	0.568933	0.163645
0.628629	0.564555	0.163016
0.629429	0.560174	0.162387
0.630230	0.555790	0.161756
0.631031	0.551403	0.161125
0.631832	0.547014	0.160493
0.632633	0.542623	0.159860
0.633433	0.538230	0.159226
0.634234	0.533836	0.158592
0.635035	0.529441	0.157957
0.635836	0.525046	0.157320
0.636637	0.520650	0.156684
0.637437	0.516254	0.156046
0.638238	0.511859	0.155407
0.639039	0.507464	0.154768
0.639840	0.503071	0.154128
0.640641	0.498679	0.153487
0.641441	0.494290	0.152846
0.642242	0.489903	0.152203
0.643043	0.485519	0.151560
0.643844	0.481138	0.150916
0.644645	0.476761	0.150271
0.645445	0.472389	0.149625
0.646246	0.468021	0.148979
0.647047	0.463658	0.148331
0.647848	0.459301	0.147683
0.648649	0.454950	0.147034
0.649449	0.450606	0.146385
0.650250	0.446269	0.145734
0.651051	0.441939	0.145083
0.651852	0.437617	0.144431
0.652653	0.433304	0.143778
0.653453	0.428999	0.143124
0.654254	0.424704	0.142470
0.655055	0.420419	0.141814
0.655856	0.416144	0.141158
0.656657	0.411881	0.140501
0.657457	0.407628	0.139844
0.658258	0.403387	0.139185
0.659059	0.399159	0.138526
0.659860	0.394943	0.137866
0.660661	0.390740	0.137205
0.661461	0.386551	0.136543
0.662262	0.382376	0.135880
0.663063	0.378216	0.135217
0.663864	0.374071	0.134553
0.664665	0.369941	0.133888
0.665465	0.365827	0.133222
0.666266	0.361730	0.132556
0.667067	0.357649	0.131888
0.667868	0.353585	0.131220
0.668669	0.349540	0.130551
0.669469	0.345512	0.129882
0.670270	0.341503	0.129211
0.671071	0.337512	0.128540
0.671872	0.333541	0.127868
0.672673	0.329590	0.127195
0.673473	0.325658	0.126521
0.674274	0.321747	0.125846
0.675075	0.317857	0.125171
0.675876	0.313988	0.124495
0.676677	0.310141	0.123818
0.677477	0.306315	0.123140
0.678278	0.302512	0.122462
0.679079	0.298731	0.121782
0.679880	0.294973	0.121102
0.680681	0.291238	0.120421
0.681481	0.287527	0.119739
0.682282	0.283839	0.119057
0.683083	0.280176	0.118373
0.683884	0.276537	0.117689
0.684685	0.272922	0.117004
0.685485	0.269333	0.116319
0.686286	0.265769	0.115632
0.687087	0.262230	0.114945
0.687888	0.258717	0.114256
0.688689	0.255229	0.113567
0.689489	0.251768	0.112878
0.690290	0.248333	0.112187
0.691091	0.244925	0.111496
0.691892	0.241544	0.110804
0.692693	0.238189	0.110111
0.693493	0.234861	0.109417
0.694294	0.231561	0.108722
0.695095	0.228288	0.108027
0.695896	0.225043	0.107331
0.696697	0.221825	0.106634
0.697497	0.218636	0.105936
0.698298	0.215474	0.105237
0.699099	0.212341	0.104538
0.699900	0.209235	0.103838
0.700701	0.206158	0.103137
0.701502	0.203110	0.102435
0.702302	0.200090	0.101732
0.703103	0.197098	0.101029
0.703904	0.194136	0.100325
0.704705	0.191201	0.099620
0.705506	0.188296	0.098914
0.706306	0.185420	0.098207
0.707107	0.182572	0.097500
0.707908	0.179753	0.096791
0.708709	0.176963	0.096082
0.709510	0.174202	0.095373
0.710310	0.171470	0.094662
0.711111	0.168767	0.093951
0.711912	0.166093	0.093238
0.712713	0.163448	0.092525
0.713514	0.160832	0.091812
0.714314	0.158244	0.091097
0.715115	0.155686	0.090381
0.715916	0.153156	0.089665
0.716717	0.150655	0.088948
0.717518	0.148182	0.088230
0.718318	0.145738	0.087512
0.719119	0.143323	0.086792
0.719920	0.140936	0.086072
0.720721	0.138578	0.085351
0.721522	0.136248	0.084629
0.722322	0.133946	0.083907
0.723123	0.131673	0.083183
0.723924	0.129427	0.082459
0.724725	0.127209	0.081734
0.725526	0.125019	0.081008
0.726326	0.122857	0.080281
0.727127	0.120723	0.079554
0.727928	0.118615	0.078826
0.728729	0.116536	0.078097
0.729530	0.114483	0.077367
0.730330	0.112457	0.076636
0.731131	0.110459	0.075905
0.731932	0.108487	0.075172
0.732733	0.106541	0.074439
0.733534	0.104623	0.073705
0.734334	0.102730	0.072971
0.735135	0.100863	0.072235
0.735936	0.099023	0.071499
0.736737	0.097208	0.070762
0.737538	0.095419	0.070024
0.738338	0.093655	0.069285
0.739139	0.091917	0.068546
0.739940	0.090203	0.067806
0.740741	0.088515	0.067064
0.741542	0.086851	0.066323
0.742342	0.085211	0.065580
0.743143	0.083596	0.064836
0.743944	0.082005	0.064092
0.744745	0.080438	0.063347
0.745546	0.078895	0.062601
0.746346	0.077375	0.061854
0.747147	0.075878	0.061107
0.747948	0.074405	0.060359
0.748749	0.072954	0.059610
0.749550	0.071526	0.058860
0.750350	0.070120	0.058109
0.751151	0.068737	0.057357
0.751952	0.067376	0.056605
0.752753	0.066036	0.055852
0.753554	0.064718	0.055098
0.754354	0.063422	0.054343
0.755155	0.062146	0.053588
0.755956	0.060892	0.052832
0.756757	0.059658	0.052075
0.757558	0.058445	0.051317
0.758358	0.057252	0.050558
0.759159	0.056078	0.049798
0.759960	0.054925	0.049038
0.760761	0.053792	0.048277
0.761562	0.052677	0.047515
0.762362	0.051582	0.046752
0.763163	0.050506	0.045989
0.763964	0.049448	0.045224
0.764765	0.048409	0.044459
0.765566	0.047388	0.043693
0.766366	0.046385	0.042927
0.767167	0.045400	0.042159
0.767968	0.044433	0.041391
0.768769	0.043483	0.040622
0.769570	0.042550	0.039852
0.770370	0.041634	0.039081
0.771171	0.040734	0.038309
0.771972	0.039851	0.037537
0.772773	0.038984	0.036764
0.773574	0.038134	0.035990
0.774374	0.037299	0.035215
0.775175	0.036480	0.034440
0.775976	0.035676	0.033663
0.776777	0.034887	0.032886
0.777578	0.034113	0.032108
0.778378	0.033354	0.031329
0.779179	0.032609	0.030550
0.779980	0.031879	0.029770
0.780781	0.031163	0.028988
0.781582	0.030460	0.028206
0.782382	0.029772	0.027424
0.783183	0.029097	0.026640
0.783984	0.028435	0.025856
0.784785	0.027786	0.025071
0.785586	0.027150	0.024285
0.786386	0.026527	0.023498
0.787187	0.025916	0.022710
0.787988	0.025318	0.021922
0.788789	0.024731	0.021133
0.789590	0.024157	0.020343
0.790390	0.023594	0.019552
0.791191	0.023042	0.018760
0.791992	0.022502	0.017968
0.792793	0.021974	0.017175
0.793594	0.021456	0.016381
0.794394	0.020949	0.015586
0.795195	0.020452	0.014790
0.795996	0.019966	0.013994
0.796797	0.019490	0.013197
0.797598	0.019024	0.012399
0.798398	0.018568	0.011600
0.799199	0.018122	0.010800
0.800000	0.017685	0.010000
