x	y
0.800000	0.060052
0.800200	0.060144
0.800400	0.060237
0.800601	0.060331
0.800801	0.060425
0.801001	0.060521
0.801201	0.060617
0.801401	0.060714
0.801602	0.060812
0.801802	0.060911
0.802002	0.061011
0.802202	0.061112
0.802402	0.061213
0.802603	0.061316
0.802803	0.061419
0.803003	0.061524
0.803203	0.061629
0.803403	0.061736
0.803604	0.061843
0.803804	0.061951
0.804004	0.062060
0.804204	0.062171
0.804404	0.062282
0.804605	0.062394
0.804805	0.062507
0.805005	0.062622
0.805205	0.062737
0.805405	0.062853
0.805606	0.062971
0.805806	0.063089
0.806006	0.063209
0.806206	0.063329
0.806406	0.063451
0.806607	0.063574
0.806807	0.063698
0.807007	0.063823
0.807207	0.063949
0.807407	0.064076
0.807608	0.064204
0.807808	0.064334
0.808008	0.064465
0.808208	0.064596
0.808408	0.064730
0.808609	0.064864
0.808809	0.064999
0.809009	0.065136
0.809209	0.065274
0.809409	0.065413
0.809610	0.065553
0.809810	0.065695
0.810010	0.065838
0.810210	0.065982
0.810410	0.066128
0.810611	0.066275
0.810811	0.066423
0.811011	0.066572
0.811211	0.066723
0.811411	0.066875
0.811612	0.067028
0.811812	0.067183
0.812012	0.067340
0.812212	0.067497
0.812412	0.067656
0.812613	0.067817
0.812813	0.067979
0.813013	0.068142
0.813213	0.068307
0.813413	0.068473
0.813614	0.068641
0.813814	0.068810
0.814014	0.068981
0.814214	0.069153
0.814414	0.069327
0.814615	0.069502
0.814815	0.069679
0.815015	0.069858
0.815215	0.070038
0.815415	0.070219
0.815616	0.070403
0.815816	0.070588
0.816016	0.070774
0.816216	0.070962
0.816416	0.071152
0.816617	0.071344
0.816817	0.071537
0.817017	0.071732
0.817217	0.071929
0.817417	0.072127
0.817618	0.072327
0.817818	0.072529
0.818018	0.072733
0.818218	0.072939
0.818418	0.073146
0.818619	0.073355
0.818819	0.073566
0.819019	0.073779
0.819219	0.073994
0.819419	0.074211
0.819620	0.074429
0.819820	0.074650
0.820020	0.074872
0.820220	0.075096
0.820420	0.075323
0.820621	0.075551
0.820821	0.075782
0.821021	0.076014
0.821221	0.076248
0.821421	0.076485
0.821622	0.076723
0.821822	0.076964
0.822022	0.077207
0.822222	0.077452
0.822422	0.077699
0.822623	0.077948
0.822823	0.078199
0.823023	0.078453
0.823223	0.078708
0.823423	0.078966
0.823624	0.079227
0.823824	0.079489
0.824024	0.079754
0.824224	0.080021
0.824424	0.080290
0.824625	0.080562
0.824825	0.080836
0.825025	0.081113
0.825225	0.081392
0.825425	0.081673
0.825626	0.081957
0.825826	0.082243
0.826026	0.082532
0.826226	0.082823
0.826426	0.083117
0.826627	0.083413
0.826827	0.083712
0.827027	0.084013
0.827227	0.084317
0.827427	0.084624
0.827628	0.084933
0.827828	0.085245
0.828028	0.085559
0.828228	0.085877
0.828428	0.086197
0.828629	0.086520
0.828829	0.086845
0.829029	0.087173
0.829229	0.087505
0.829429	0.087839
0.829630	0.088175
0.829830	0.088515
0.830030	0.088858
0.830230	0.089203
0.830430	0.089552
0.830631	0.089903
0.830831	0.090258
0.831031	0.090615
0.831231	0.090976
0.831431	0.091339
0.831632	0.091706
0.831832	0.092076
0.832032	0.092449
0.832232	0.092825
0.832432	0.093204
0.832633	0.093586
0.832833	0.093972
0.833033	0.094361
0.833233	0.094753
0.833433	0.095149
0.833634	0.095548
0.833834	0.095950
0.834034	0.096356
0.834234	0.096765
0.834434	0.097177
0.834635	0.097593
0.834835	0.098012
0.835035	0.098435
0.835235	0.098862
0.835435	0.099292
0.835636	0.099725
0.835836	0.100162
0.836036	0.100603
0.836236	0.101048
0.836436	0.101496
0.836637	0.101948
0.836837	0.102404
0.837037	0.102863
0.837237	0.103326
0.837437	0.103793
0.837638	0.104264
0.837838	0.104739
0.838038	0.105218
0.838238	0.105701
0.838438	0.106187
0.838639	0.106678
0.838839	0.107173
0.839039	0.107671
0.839239	0.108174
0.839439	0.108681
0.839640	0.109192
0.839840	0.109707
0.840040	0.110227
0.840240	0.110751
0.840440	0.111279
0.840641	0.111811
0.840841	0.112347
0.841041	0.112888
0.841241	0.113434
0.841441	0.113983
0.841642	0.114537
0.841842	0.115096
0.842042	0.115659
0.842242	0.116227
0.842442	0.116799
0.842643	0.117376
0.842843	0.117957
0.843043	0.118543
0.843243	0.119134
0.843443	0.119729
0.843644	0.120330
0.843844	0.120935
0.844044	0.121544
0.844244	0.122159
0.844444	0.122778
0.844645	0.123403
0.844845	0.124032
0.845045	0.124666
0.845245	0.125306
0.845445	0.125950
0.845646	0.126599
0.845846	0.127254
0.846046	0.127914
0.846246	0.128578
0.846446	0.129248
0.846647	0.129923
0.846847	0.130604
0.847047	0.131290
0.847247	0.131981
0.847447	0.132677
0.847648	0.133379
0.847848	0.134086
0.848048	0.134798
0.848248	0.135517
0.848448	0.136240
0.848649	0.136969
0.848849	0.137704
0.849049	0.138445
0.849249	0.139191
0.849449	0.139942
0.849650	0.140700
0.849850	0.141463
0.850050	0.142232
0.850250	0.143006
0.850450	0.143787
0.850651	0.144573
0.850851	0.145366
0.851051	0.146164
0.851251	0.146968
0.851451	0.147779
0.851652	0.148595
0.851852	0.149417
0.852052	0.150246
0.852252	0.151080
0.852452	0.151921
0.852653	0.152768
0.852853	0.153622
0.853053	0.154481
0.853253	0.155347
0.853453	0.156219
0.853654	0.157098
0.853854	0.157982
0.854054	0.158874
0.854254	0.159772
0.854454	0.160676
0.854655	0.161587
0.854855	0.162504
0.855055	0.163428
0.855255	0.164359
0.855455	0.165296
0.855656	0.166240
0.855856	0.167190
0.856056	0.168148
0.856256	0.169112
0.856456	0.170083
0.856657	0.171061
0.856857	0.172046
0.857057	0.173037
0.857257	0.174036
0.857457	0.175041
0.857658	0.176054
0.857858	0.177073
0.858058	0.178100
0.858258	0.179133
0.858458	0.180174
0.858659	0.181222
0.858859	0.182277
0.859059	0.183339
0.859259	0.184409
0.859459	0.185485
0.859660	0.186569
0.859860	0.187661
0.860060	0.188759
0.860260	0.189865
0.860460	0.190979
0.860661	0.192099
0.860861	0.193228
0.861061	0.194363
0.861261	0.195507
0.861461	0.196657
0.861662	0.197816
0.861862	0.198981
0.862062	0.200155
0.862262	0.201336
0.862462	0.202525
0.862663	0.203721
0.862863	0.204925
0.863063	0.206137
0.863263	0.207356
0.863463	0.208584
0.863664	0.209819
0.863864	0.211061
0.864064	0.212312
0.864264	0.213571
0.864464	0.214837
0.864665	0.216111
0.864865	0.217393
0.865065	0.218683
0.865265	0.219981
0.865465	0.221287
0.865666	0.222601
0.865866	0.223923
0.866066	0.225253
0.866266	0.226591
0.866466	0.227937
0.866667	0.229291
0.866867	0.230653
0.867067	0.232023
0.867267	0.233401
0.867467	0.234788
0.867668	0.236182
0.867868	0.237585
0.868068	0.238995
0.868268	0.240414
0.868468	0.241841
0.868669	0.243277
0.868869	0.244720
0.869069	0.246172
0.869269	0.247632
0.869469	0.249100
0.869670	0.250576
0.869870	0.252060
0.870070	0.253553
0.870270	0.255054
0.870470	0.256563
0.870671	0.258080
0.870871	0.259606
0.871071	0.261140
0.871271	0.262682
0.871471	0.264232
0.871672	0.265791
0.871872	0.267358
0.872072	0.268933
0.872272	0.270516
0.872472	0.272107
0.872673	0.273707
0.872873	0.275315
0.873073	0.276931
0.873273	0.278556
0.873473	0.280188
0.873674	0.281829
0.873874	0.283478
0.874074	0.285136
0.874274	0.286801
0.874474	0.288475
0.874675	0.290156
0.874875	0.291846
0.875075	0.293544
0.875275	0.295250
0.875475	0.296964
0.875676	0.298687
0.875876	0.300417
0.876076	0.302156
0.876276	0.303902
0.876476	0.305656
0.876677	0.307419
0.876877	0.309189
0.877077	0.310968
0.877277	0.312754
0.877477	0.314548
0.877678	0.316350
0.877878	0.318160
0.878078	0.319978
0.878278	0.321804
0.878478	0.323637
0.878679	0.325478
0.878879	0.327327
0.879079	0.329184
0.879279	0.331048
0.879479	0.332920
0.879680	0.334799
0.879880	0.336686
0.880080	0.338581
0.880280	0.340483
0.880480	0.342393
0.880681	0.344309
0.880881	0.346234
0.881081	0.348165
0.881281	0.350104
0.881481	0.352050
0.881682	0.354004
0.881882	0.355964
0.882082	0.357932
0.882282	0.359907
0.882482	0.361889
0.882683	0.363878
0.882883	0.365873
0.883083	0.367876
0.883283	0.369886
0.883483	0.371902
0.883684	0.373925
0.883884	0.375955
0.884084	0.377991
0.884284	0.380034
0.884484	0.382084
0.884685	0.384140
0.884885	0.386202
0.885085	0.388271
0.885285	0.390346
0.885485	0.392427
0.885686	0.394515
0.885886	0.396608
0.886086	0.398708
0.886286	0.400813
0.886486	0.402925
0.886687	0.405042
0.886887	0.407166
0.887087	0.409295
0.887287	0.411429
0.887487	0.413569
0.887688	0.415715
0.887888	0.417866
0.888088	0.420023
0.888288	0.422185
0.888488	0.424352
0.888689	0.426524
0.888889	0.428702
0.889089	0.430884
0.889289	0.433072
0.889489	0.435264
0.889690	0.437461
0.889890	0.439663
0.890090	0.441869
0.890290	0.444080
0.890490	0.446296
0.890691	0.448515
0.890891	0.450740
0.891091	0.452968
0.891291	0.455201
0.891491	0.457437
0.891692	0.459678
0.891892	0.461922
0.892092	0.464171
0.892292	0.466423
0.892492	0.468678
0.892693	0.470937
0.892893	0.473200
0.893093	0.475466
0.893293	0.477736
0.893493	0.480008
0.893694	0.482284
0.893894	0.484563
0.894094	0.486844
0.894294	0.489129
0.894494	0.491416
0.894695	0.493706
0.894895	0.495998
0.895095	0.498293
0.895295	0.500590
0.895495	0.502890
0.895696	0.505192
0.895896	0.507495
0.896096	0.509801
0.896296	0.512109
0.896496	0.514418
0.896697	0.516730
0.896897	0.519043
0.897097	0.521357
0.897297	0.523673
0.897497	0.525990
0.897698	0.528308
0.897898	0.530628
0.898098	0.532948
0.898298	0.535270
0.898498	0.537592
0.898699	0.539915
0.898899	0.542239
0.899099	0.544563
0.899299	0.546888
0.899499	0.549213
0.899700	0.551538
0.899900	0.553863
0.900100	0.556189
0.900300	0.558514
0.900501	0.560839
0.900701	0.563164
0.900901	0.565489
0.901101	0.567813
0.901301	0.570137
0.901502	0.572460
0.901702	0.574782
0.901902	0.577104
0.902102	0.579424
0.902302	0.581744
0.902503	0.584062
0.902703	0.586379
0.902903	0.588695
0.903103	0.591009
0.903303	0.593322
0.903504	0.595633
0.903704	0.597943
0.903904	0.600251
0.904104	0.602556
0.904304	0.604860
0.904505	0.607162
0.904705	0.609462
0.904905	0.611759
0.905105	0.614054
0.905305	0.616346
0.905506	0.618636
0.905706	0.620923
0.905906	0.623208
0.906106	0.625489
0.906306	0.627768
0.906507	0.630044
0.906707	0.632316
0.906907	0.634586
0.907107	0.636852
0.907307	0.639114
0.907508	0.641374
0.907708	0.643629
0.907908	0.645881
0.908108	0.648130
0.908308	0.650374
0.908509	0.652615
0.908709	0.654851
0.908909	0.657084
0.909109	0.659312
0.909309	0.661536
0.909510	0.663756
0.909710	0.665972
0.909910	0.668183
0.910110	0.670389
0.910310	0.672591
0.910511	0.674788
0.910711	0.676980
0.910911	0.679168
0.911111	0.681350
0.911311	0.683527
0.911512	0.685700
0.911712	0.687867
0.911912	0.690029
0.912112	0.692185
0.912312	0.694337
0.912513	0.696482
0.912713	0.698623
0.912913	0.700757
0.913113	0.702886
0.913313	0.705009
0.913514	0.707127
0.913714	0.709238
0.913914	0.711344
0.914114	0.713444
0.914314	0.715537
0.914515	0.717625
0.914715	0.719706
0.914915	0.721781
0.915115	0.723850
0.915315	0.725912
0.915516	0.727968
0.915716	0.730018
0.915916	0.732061
0.916116	0.734097
0.916316	0.736127
0.916517	0.738150
0.916717	0.740166
0.916917	0.742176
0.917117	0.744178
0.917317	0.746174
0.917518	0.748163
0.917718	0.750145
0.917918	0.752120
0.918118	0.754087
0.918318	0.756048
0.918519	0.758001
0.918719	0.759948
0.918919	0.761886
0.919119	0.763818
0.919319	0.765742
0.919520	0.767659
0.919720	0.769569
0.919920	0.771471
0.920120	0.773365
0.920320	0.775252
0.920521	0.777132
0.920721	0.779004
0.920921	0.780868
0.921121	0.782725
0.921321	0.784573
0.921522	0.786415
0.921722	0.788248
0.921922	0.790074
0.922122	0.791891
0.922322	0.793701
0.922523	0.795504
0.922723	0.797298
0.922923	0.799084
0.923123	0.800862
0.923323	0.802633
0.923524	0.804395
0.923724	0.806150
0.923924	0.807896
0.924124	0.809635
0.924324	0.811365
0.924525	0.813087
0.924725	0.814802
0.924925	0.816508
0.925125	0.818206
0.925325	0.819896
0.925526	0.821577
0.925726	0.823251
0.925926	0.824916
0.926126	0.826573
0.926326	0.828223
0.926527	0.829863
0.926727	0.831496
0.926927	0.833120
0.927127	0.834737
0.927327	0.836345
0.927528	0.837944
0.927728	0.839536
0.927928	0.841119
0.928128	0.842694
0.928328	0.844261
0.928529	0.845820
0.928729	0.847370
0.928929	0.848912
0.929129	0.850446
0.929329	0.851972
0.929530	0.853489
0.929730	0.854998
0.929930	0.856499
0.930130	0.857992
0.930330	0.859476
0.930531	0.860952
0.930731	0.862420
0.930931	0.863880
0.931131	0.865332
0.931331	0.866775
0.931532	0.868210
0.931732	0.869637
0.931932	0.871056
0.932132	0.872467
0.932332	0.873870
0.932533	0.875264
0.932733	0.876651
0.932933	0.878029
0.933133	0.879399
0.933333	0.880761
0.933534	0.882115
0.933734	0.883461
0.933934	0.884799
0.934134	0.886129
0.934334	0.887451
0.934535	0.888765
0.934735	0.890071
0.934935	0.891369
0.935135	0.892659
0.935335	0.893941
0.935536	0.895215
0.935736	0.896481
0.935936	0.897740
0.936136	0.898990
0.936336	0.900233
0.936537	0.901468
0.936737	0.902696
0.936937	0.903915
0.937137	0.905127
0.937337	0.906331
0.937538	0.907527
0.937738	0.908716
0.937938	0.909897
0.938138	0.911070
0.938338	0.912236
0.938539	0.913394
0.938739	0.914545
0.938939	0.915688
0.939139	0.916824
0.939339	0.917952
0.939540	0.919073
0.939740	0.920187
0.939940	0.921293
0.940140	0.922391
0.940340	0.923483
0.940541	0.924566
0.940741	0.925643
0.940941	0.926713
0.941141	0.927775
0.941341	0.928830
0.941542	0.929878
0.941742	0.930919
0.941942	0.931952
0.942142	0.932979
0.942342	0.933998
0.942543	0.935011
0.942743	0.936016
0.942943	0.937015
0.943143	0.938006
0.943343	0.938991
0.943544	0.939969
0.943744	0.940940
0.943944	0.941904
0.944144	0.942861
0.944344	0.943812
0.944545	0.944756
0.944745	0.945693
0.944945	0.946624
0.945145	0.947548
0.945345	0.948465
0.945546	0.949376
0.945746	0.950280
0.945946	0.951178
0.946146	0.952069
0.946346	0.952954
0.946547	0.953833
0.946747	0.954705
0.946947	0.955571
0.947147	0.956430
0.947347	0.957284
0.947548	0.958131
0.947748	0.958971
0.947948	0.959806
0.948148	0.960634
0.948348	0.961457
0.948549	0.962273
0.948749	0.963083
0.948949	0.963888
0.949149	0.964686
0.949349	0.965478
0.949550	0.966265
0.949750	0.967045
0.949950	0.967820
0.950150	0.968589
0.950350	0.969352
0.950551	0.970110
0.950751	0.970861
0.950951	0.971607
0.951151	0.972348
0.951351	0.973082
0.951552	0.973812
0.951752	0.974535
0.951952	0.975253
0.952152	0.975966
0.952352	0.976673
0.952553	0.977375
0.952753	0.978071
0.952953	0.978762
0.953153	0.979448
0.953353	0.980128
0.953554	0.980804
0.953754	0.981474
0.953954	0.982138
0.954154	0.982798
0.954354	0.983452
0.954555	0.984102
0.954755	0.984746
0.954955	0.985385
0.955155	0.986020
0.955355	0.986649
0.955556	0.987273
0.955756	0.987893
0.955956	0.988508
0.956156	0.989117
0.956356	0.989722
0.956557	0.990322
0.956757	0.990918
0.956957	0.991509
0.957157	0.992095
0.957357	0.992676
0.957558	0.993253
0.957758	0.993825
0.957958	0.994393
0.958158	0.994956
0.958358	0.995514
0.958559	0.996069
0.958759	0.996618
0.958959	0.997164
0.959159	0.997704
0.959359	0.998241
0.959560	0.998773
0.959760	0.999301
0.959960	0.999825
0.960160	1.000344
0.960360	1.000860
0.960561	1.001371
0.960761	1.001878
0.960961	1.002380
0.961161	1.002879
0.961361	1.003374
0.961562	1.003865
0.961762	1.004351
0.961962	1.004834
0.962162	1.005313
0.962362	1.005788
0.962563	1.006258
0.962763	1.006726
0.962963	1.007189
0.963163	1.007648
0.963363	1.008104
0.963564	1.008556
0.963764	1.009004
0.963964	1.009449
0.964164	1.009889
0.964364	1.010327
0.964565	1.010760
0.964765	1.011190
0.964965	1.011617
0.965165	1.012040
0.965365	1.012459
0.965566	1.012875
0.965766	1.013287
0.965966	1.013696
0.966166	1.014102
0.966366	1.014504
0.966567	1.014903
0.966767	1.015298
0.966967	1.015691
0.967167	1.016080
0.967367	1.016465
0.967568	1.016848
0.967768	1.017227
0.967968	1.017603
0.968168	1.017976
0.968368	1.018346
0.968569	1.018713
0.968769	1.019076
0.968969	1.019437
0.969169	1.019794
0.969369	1.020149
0.969570	1.020500
0.969770	1.020849
0.969970	1.021194
0.970170	1.021537
0.970370	1.021876
0.970571	1.022213
0.970771	1.022547
0.970971	1.022878
0.971171	1.023207
0.971371	1.023532
0.971572	1.023855
0.971772	1.024175
0.971972	1.024492
0.972172	1.024807
0.972372	1.025119
0.972573	1.025428
0.972773	1.025735
0.972973	1.026039
0.973173	1.026340
0.973373	1.026639
0.973574	1.026935
0.973774	1.027229
0.973974	1.027520
0.974174	1.027809
0.974374	1.028095
0.974575	1.028379
0.974775	1.028660
0.974975	1.028939
0.975175	1.029216
0.975375	1.029490
0.975576	1.029761
0.975776	1.030031
0.975976	1.030298
0.976176	1.030563
0.976376	1.030825
0.976577	1.031085
0.976777	1.031343
0.976977	1.031599
0.977177	1.031853
0.977377	1.032104
0.977578	1.032353
0.977778	1.032600
0.977978	1.032845
0.978178	1.033088
0.978378	1.033328
0.978579	1.033567
0.978779	1.033804
0.978979	1.034038
0.979179	1.034270
0.979379	1.034501
0.979580	1.034729
0.979780	1.034955
0.979980	1.035180
0.980180	1.035402
0.980380	1.035623
0.980581	1.035841
0.980781	1.036058
0.980981	1.036273
0.981181	1.036486
0.981381	1.036697
0.981582	1.036906
0.981782	1.037113
0.981982	1.037319
0.982182	1.037522
0.982382	1.037724
0.982583	1.037925
0.982783	1.038123
0.982983	1.038320
0.983183	1.038515
0.983383	1.038708
0.983584	1.038900
0.983784	1.039089
0.983984	1.039278
0.984184	1.039464
0.984384	1.039649
0.984585	1.039832
0.984785	1.040014
0.984985	1.040194
0.985185	1.040373
0.985385	1.040550
0.985586	1.040725
0.985786	1.040899
0.985986	1.041071
0.986186	1.041242
0.986386	1.041411
0.986587	1.041579
0.986787	1.041745
0.986987	1.041910
0.987187	1.042073
0.987387	1.042235
0.987588	1.042396
0.987788	1.042555
0.987988	1.042712
0.988188	1.042868
0.988388	1.043023
0.988589	1.043177
0.988789	1.043329
0.988989	1.043480
0.989189	1.043629
0.989389	1.043777
0.989590	1.043924
0.989790	1.044070
0.989990	1.044214
0.990190	1.044357
0.990390	1.044498
0.990591	1.044639
0.990791	1.044778
0.990991	1.044916
0.991191	1.045053
0.991391	1.045188
0.991592	1.045322
0.991792	1.045455
0.991992	1.045587
0.992192	1.045718
0.992392	1.045848
0.992593	1.045976
0.992793	1.046103
0.992993	1.046229
0.993193	1.046354
0.993393	1.046478
0.993594	1.046601
0.993794	1.046723
0.993994	1.046843
0.994194	1.046963
0.994394	1.047081
0.994595	1.047199
0.994795	1.047315
0.994995	1.047430
0.995195	1.047544
0.995395	1.047658
0.995596	1.047770
0.995796	1.047881
0.995996	1.047991
0.996196	1.048101
0.996396	1.048209
0.996597	1.048316
0.996797	1.048423
0.996997	1.048528
0.997197	1.048632
0.997397	1.048736
0.997598	1.048839
0.997798	1.048940
0.997998	1.049041
0.998198	1.049141
0.998398	1.049240
0.998599	1.049338
0.998799	1.049435
0.998999	1.049531
0.999199	1.049627
0.999399	1.049721
0.999600	1.049815
0.999800	1.049908
1.000000	1.050000
